<?xml version="1.0" encoding="UTF-8"?>
<!-- Generated by org.testng.reporters.JUnitReportReporter -->
<testsuite hostname="DESKTOP-SFLE3P0" failures="0" tests="1" name="OrangeHRM.orange" time="11.846" errors="0" timestamp="2023-10-16T12:25:18 IST" skipped="0">
  <testcase classname="OrangeHRM.orange" name="launchbrowser" time="11.846"/>
  <system-out/>
</testsuite> <!-- OrangeHRM.orange -->
